2026-01-07 16:56:19,962 [INFO] === clean_data PROD start === symbols=['BTCUSDT'], interval=1h
2026-01-07 16:56:19,964 [INFO] ➡️  BTCUSDT 1h: 1 fichier(s) à fusionner
2026-01-07 16:56:20,315 [INFO] ✅ Saved clean parquet: /home/ubuntu/CryptoBot/data/processed/btcusdt_1h_clean.parquet (rows=8760)
2026-01-07 16:56:20,315 [INFO] ✅ Saved stats: /home/ubuntu/CryptoBot/logs/clean_data_btcusdt_1h_stats.json
2026-01-07 16:56:20,319 [INFO] === clean_data PROD done === produced=1 parquet(s)
2026-01-07 17:03:48,610 [INFO] === clean_data PROD start === symbols=['BTCUSDT', 'ETHUSDT'], interval=1h
2026-01-07 17:03:48,612 [INFO] ➡️  BTCUSDT 1h: 1 fichier(s) à fusionner
2026-01-07 17:03:48,825 [INFO] ✅ Saved clean parquet: /home/ubuntu/CryptoBot/data/processed/btcusdt_1h_clean.parquet (rows=8760)
2026-01-07 17:03:48,825 [INFO] ✅ Saved stats: /home/ubuntu/CryptoBot/logs/clean_data_btcusdt_1h_stats.json
2026-01-07 17:03:48,829 [INFO] ➡️  ETHUSDT 1h: 1 fichier(s) à fusionner
2026-01-07 17:03:48,969 [INFO] ✅ Saved clean parquet: /home/ubuntu/CryptoBot/data/processed/ethusdt_1h_clean.parquet (rows=8760)
2026-01-07 17:03:48,970 [INFO] ✅ Saved stats: /home/ubuntu/CryptoBot/logs/clean_data_ethusdt_1h_stats.json
2026-01-07 17:03:48,973 [INFO] === clean_data PROD done === produced=2 parquet(s)
2026-01-07 17:39:23,255 [INFO] === clean_data PROD start === symbols=['BTCUSDT', 'ETHUSDT'], interval=1h
2026-01-07 17:39:23,258 [INFO] ➡️  BTCUSDT 1h: 1 fichier(s) à fusionner
2026-01-07 17:39:23,597 [INFO] ✅ Saved clean parquet: /home/ubuntu/CryptoBot/data/processed/btcusdt_1h_clean.parquet (rows=8760)
2026-01-07 17:39:23,598 [INFO] ✅ Saved stats: /home/ubuntu/CryptoBot/logs/clean_data_btcusdt_1h_stats.json
2026-01-07 17:39:23,601 [INFO] ➡️  ETHUSDT 1h: 1 fichier(s) à fusionner
2026-01-07 17:39:23,895 [INFO] ✅ Saved clean parquet: /home/ubuntu/CryptoBot/data/processed/ethusdt_1h_clean.parquet (rows=8760)
2026-01-07 17:39:23,896 [INFO] ✅ Saved stats: /home/ubuntu/CryptoBot/logs/clean_data_ethusdt_1h_stats.json
2026-01-07 17:39:23,900 [INFO] === clean_data PROD done === produced=2 parquet(s)
2026-01-07 17:59:40,816 [INFO] === clean_data PROD start === symbols=['BTCUSDT', 'ETHUSDT'], interval=1h
2026-01-07 17:59:40,818 [INFO] ➡️  BTCUSDT 1h: 1 fichier(s) à fusionner
2026-01-07 17:59:41,166 [INFO] ✅ Saved clean parquet: /home/ubuntu/CryptoBot/data/processed/btcusdt_1h_clean.parquet (rows=8760)
2026-01-07 17:59:41,167 [INFO] ✅ Saved stats: /home/ubuntu/CryptoBot/logs/clean_data_btcusdt_1h_stats.json
2026-01-07 17:59:41,170 [INFO] ➡️  ETHUSDT 1h: 1 fichier(s) à fusionner
2026-01-07 17:59:41,383 [INFO] ✅ Saved clean parquet: /home/ubuntu/CryptoBot/data/processed/ethusdt_1h_clean.parquet (rows=8760)
2026-01-07 17:59:41,384 [INFO] ✅ Saved stats: /home/ubuntu/CryptoBot/logs/clean_data_ethusdt_1h_stats.json
2026-01-07 17:59:41,388 [INFO] === clean_data PROD done === produced=2 parquet(s)
2026-01-07 18:04:28,815 [INFO] === clean_data PROD start === symbols=['BTCUSDT', 'ETHUSDT'], interval=1h
2026-01-07 18:04:28,816 [INFO] ➡️  BTCUSDT 1h: 1 fichier(s) à fusionner
2026-01-07 18:04:29,051 [INFO] ✅ Saved clean parquet: /home/ubuntu/CryptoBot/data/processed/btcusdt_1h_clean.parquet (rows=8760)
2026-01-07 18:04:29,052 [INFO] ✅ Saved stats: /home/ubuntu/CryptoBot/logs/clean_data_btcusdt_1h_stats.json
2026-01-07 18:04:29,055 [INFO] ➡️  ETHUSDT 1h: 1 fichier(s) à fusionner
2026-01-07 18:04:29,217 [INFO] ✅ Saved clean parquet: /home/ubuntu/CryptoBot/data/processed/ethusdt_1h_clean.parquet (rows=8760)
2026-01-07 18:04:29,218 [INFO] ✅ Saved stats: /home/ubuntu/CryptoBot/logs/clean_data_ethusdt_1h_stats.json
2026-01-07 18:04:29,221 [INFO] === clean_data PROD done === produced=2 parquet(s)
